timestamp,message
1593138496321,[2020-06-26 02:28:16 +0000] [1] [INFO] Starting gunicorn 20.0.4
1593138496321,[2020-06-26 02:28:16 +0000] [1] [INFO] Listening at: http://0.0.0.0:8000 (1)
1593138496321,[2020-06-26 02:28:16 +0000] [1] [INFO] Using worker: sync
1593138496324,[2020-06-26 02:28:16 +0000] [7] [INFO] Booting worker with pid: 7
1593138508827,Not Found: /weixiao.php
1593138509365,Not Found: /feixiang.php
1593138509901,Not Found: /ak47.php
1593138518472,Not Found: /yao.php
1593138519035,Not Found: /defect.php
1593138519587,Not Found: /webslee.php
1593138520137,Not Found: /q.php
1593138532708,Not Found: /cainiao.php
1593138537250,Not Found: /zuo.php
1593138537770,Not Found: /aotu.php
1593138538302,Not Found: /aotu7.php
1593138538848,Not Found: /cmd.php
1593138539380,Not Found: /cmd.php
1593138539903,Not Found: /bak.php
1593138540418,Not Found: /system.php
1593138540946,Not Found: /l6.php
1593138541481,Not Found: /l7.php
1593138542027,Not Found: /l8.php
1593138542570,Not Found: /q.php
1593138551150,Not Found: /yumo.php
1593138551700,Not Found: /min.php
1593138552247,Not Found: /wan.php
1593138552778,Not Found: /wanan.php
1593138553297,Not Found: /ssaa.php
1593138553838,Not Found: /ssaa.php
1593138554392,Not Found: /qq.php
1593138554936,Not Found: /aw.php
1593138555460,Not Found: /12.php
1593138555971,Not Found: /hh.php
1593138556490,Not Found: /ak.php
1593138557022,Not Found: /ip.php
1593138557563,Not Found: /infoo.php
1593138558100,Not Found: /qwe.php
1593138558621,Not Found: /1213.php
1593138559170,Not Found: /post.php
1593138559705,Not Found: /aaaa.php
1593138560243,Not Found: /h1.php
1593138560787,Not Found: /test.php
1593138561312,Not Found: /3.php
1593138561855,Not Found: /4.php
1593138562400,Not Found: /phpinfi.php
1593138562936,Not Found: /9510.php
1593138563472,Not Found: /python.php
1593138564010,Not Found: /default.php
1593138564561,Not Found: /sean.php
1593138565122,Not Found: /app.php
1593138565673,Not Found: /help.php
1593138566212,Not Found: /tiandi.php
1593138566755,Not Found: /xz.php
1593138567295,Not Found: /beimeng.php
1593138567827,Not Found: /linuxse.php
1593138568356,Not Found: /zuoindex.php
1593138568897,Not Found: /zshmindex.php
1593138569444,Not Found: /tomcat.php
1593138569960,Not Found: /ceshi.php
1593138570493,Not Found: /1hou.php
1593138571036,Not Found: /ou2.php
1593138575610,Not Found: /zuoss.php
1593138576155,Not Found: /zuoshss.php
1593138587701,Not Found: /weaver/bsh.servlet.BshServlet
1593138588246,Not Found: /solr/
1593138588809,Not Found: /console/login/LoginForm.jsp
1593138589351,Not Found: /index.php
1593138589620,Not Found: /user/register
1593138590456,Not Found: /joomla/
1593138590993,Not Found: /user.php
1593138591542,Not Found: /index.php
1593138595097,Not Found: /phpMyAdmin/index.php
1593138595652,Not Found: /pmd/index.php
1593138596209,Not Found: /pma/index.php
1593138596751,Not Found: /PMA/index.php
1593138597276,Not Found: /PMA2/index.php
1593138597806,Not Found: /pmamy/index.php
1593138598336,Not Found: /pmamy2/index.php
1593138598876,Not Found: /mysql/index.php
1593138599415,Not Found: /admin/index.php
1593138599968,Not Found: /db/index.php
1593138600518,Not Found: /dbadmin/index.php
1593138616140,Not Found: /admin/phpmyadmin/index.php
1593138616684,Not Found: /admin/phpMyAdmin/index.php
1593138617220,Not Found: /admin/phpmyadmin2/index.php
1593138617751,Not Found: /mysqladmin/index.php
1593138618273,Not Found: /mysql-admin/index.php
1593138618801,Not Found: /mysql_admin/index.php
1593138619341,Not Found: /phpadmin/index.php
1593138619879,Not Found: /phpAdmin/index.php
1593138620398,Not Found: /phpmyadmin0/index.php
1593138620928,Not Found: /phpmyadmin1/index.php
1593138621460,Not Found: /phpmyadmin2/index.php
1593138622000,Not Found: /phpMyAdmin-4.4.0/index.php
1593138622551,Not Found: /phpMyAdmin4.8.0/index.php
1593138623088,Not Found: /phpMyAdmin4.8.1/index.php
1593138623625,Not Found: /phpMyAdmin4.8.2/index.php
1593138624170,Not Found: /phpMyAdmin4.8.3/index.php
1593138624701,Not Found: /phpMyAdmin4.8.4/index.php
1593138625228,Not Found: /phpMyAdmin4.8.5/index.php
1593138625745,Not Found: /myadmin/index.php
1593138626277,Not Found: /myadmin2/index.php
1593138626802,Not Found: /xampp/phpmyadmin/index.php
1593138627329,Not Found: /phpMyadmin_bak/index.php
1593138627881,Not Found: /www/phpMyAdmin/index.php
1593138628411,Not Found: /tools/phpMyAdmin/index.php
1593138628939,Not Found: /phpmyadmin-old/index.php
1593138629483,Not Found: /phpMyAdminold/index.php
1593138630043,Not Found: /phpMyAdmin.old/index.php
1593138630586,Not Found: /pma-old/index.php
1593138631129,Not Found: /claroline/phpMyAdmin/index.php
1593138631662,Not Found: /typo3/phpmyadmin/index.php
1593138632200,Not Found: /phpma/index.php
1593138632748,Not Found: /phpmyadmin/phpmyadmin/index.php
1593138633293,Not Found: /phpMyAdmin/phpMyAdmin/index.php
1593138633830,Not Found: /phpMyAbmin/index.php
1593138634366,Not Found: /phpMyAdmin__/index.php
1593138634925,Not Found: /phpMyAdmin+++---/index.php
1593138635473,Not Found: /v/index.php
1593138636006,Not Found: /phpmyadm1n/index.php
1593138636548,Not Found: /phpMyAdm1n/index.php
1593138646134,Not Found: /s/index.php
1593138646671,Not Found: /MyAdmin/index.php
1593138647186,Not Found: /phpMyAdmin1/index.php
1593138647709,Not Found: /phpMyAdmin123/index.php
1593138648229,Not Found: /pwd/index.php
1593138648763,Not Found: /phpMyAdmina/index.php
1593138655326,Not Found: /phpMyAdmin._/index.php
1593138655862,Not Found: /phpMyAdmin._2/index.php
1593138656407,Not Found: /phpmyadmin2222/index.php
1593138656943,Not Found: /phpMyAdmin333/index.php
1593138657459,Not Found: /phpmyadmin3333/index.php
1593138657998,Not Found: /php2MyAdmin/index.php
1593138658521,Not Found: /phpiMyAdmin/index.php
1593138659034,Not Found: /phpNyAdmin/index.php
1593138659556,Not Found: /1/index.php
1593138660089,Not Found: /download/index.php
1593138660619,Not Found: /phpMyAdmin_111/index.php
1593138661147,Not Found: /phpmadmin/index.php
1593138661689,Not Found: /321/index.php
1593138662219,Not Found: /123131/index.php
1593138662752,Not Found: /phpMyAdminn/index.php
1593138663294,Not Found: /phpMyAdminhf/index.php
1593138663832,Not Found: /sbb/index.php
1593138664372,Not Found: /WWW/phpMyAdmin/index.php
1593138664913,Not Found: /phpMyAdmln/index.php
1593138665453,Not Found: /phpMyAdmin_ai/index.php
1593138666001,Not Found: /__phpMyAdmin/index.php
1593138666546,Not Found: /program/index.php
1593138667091,Not Found: /shopdb/index.php
1593138667645,Not Found: /phppma/index.php
1593138668187,Not Found: /phpmy/index.php
1593138668741,Not Found: /mysql/admin/index.php
1593138669274,Not Found: /mysql/dbadmin/index.php
1593138669825,Not Found: /mysql/sqlmanager/index.php
1593138670357,Not Found: /mysql/mysqlmanager/index.php
1593138670883,Not Found: /wp-content/plugins/portable-phpmyadmin/wp-pma-mod/index.php
1593138671410,Not Found: /sqladmin/index.php
1593138671935,Not Found: /sql/index.php
1593138672464,Not Found: /SQL/index.php
1593138672986,Not Found: /websql/index.php
1593138673518,Not Found: /MySQLAdmin/index.php
1593138674046,Not Found: /manager/html
1593138674591,Not Found: /axis2/axis2-admin/login
1593138754707,[2020-06-26 02:32:34 +0000] [1] [CRITICAL] WORKER TIMEOUT (pid:7)
1593138754707,[2020-06-26 02:32:34 +0000] [7] [INFO] Worker exiting (pid: 7)
1593138754832,[2020-06-26 02:32:34 +0000] [8] [INFO] Booting worker with pid: 8
1593138785946,[2020-06-26 02:33:05 +0000] [1] [CRITICAL] WORKER TIMEOUT (pid:8)
1593138785947,[2020-06-26 02:33:05 +0000] [8] [INFO] Worker exiting (pid: 8)
1593138786050,[2020-06-26 02:33:06 +0000] [9] [INFO] Booting worker with pid: 9
1593138801099,[2020-06-26 02:33:21 +0000] [1] [INFO] Handling signal: term
1593138801103,[2020-06-26 02:33:21 +0000] [9] [INFO] Worker exiting (pid: 9)
1593138801299,[2020-06-26 02:33:21 +0000] [1] [INFO] Shutting down: Master
